<?xml version="1.0" encoding="UTF-8"?>
<!-- Generated by org.testng.reporters.JUnitXMLReporter -->
<testsuite ignored="1" hostname="DESKTOP-VUHVFPU" failures="0" tests="7" name="Test1" time="0.107" errors="0" timestamp="2022-09-19T06:58:50 IST">
  <testcase classname="org.altairretro.practice.TestngBasic" name="main1test" time="0.002"/>
  <testcase classname="org.altairretro.practice.TestngBasic" name="main1test" time="0.003"/>
  <testcase classname="org.altairretro.practice.TestngBasic" name="main1test" time="0.001"/>
  <testcase classname="org.altairretro.practice.TestngBasic" name="main1test" time="0.001"/>
  <testcase classname="org.altairretro.practice.TestngBasic" name="main1test" time="0.001"/>
  <testcase classname="org.altairretro.practice.TestngBasic" name="main1test" time="0.001"/>
  <testcase classname="org.altairretro.practice.TestngBasic" name="main1test" time="0.001"/>
  <testcase classname="org.altairretro.practice.TestngBasic" name="main2test" time="0.0">
    <ignored/>
  </testcase> <!-- main2test -->
</testsuite> <!-- Test1 -->
