<?xml version="1.0" encoding="UTF-8"?>
<!-- Generated by org.testng.reporters.JUnitXMLReporter -->
<testsuite ignored="0" hostname="DESKTOP-VUHVFPU" failures="1" tests="1" name="Test4" time="23.917" errors="0" timestamp="2022-09-14T10:10:19 IST">
  <testcase classname="org.altairretro.practice.TC444" name="main" time="13.611">
    <failure type="java.lang.AssertionError" message="did not expect [I&amp;apos;m MACC JCC
From usa New York] but found [I&amp;apos;m MACC JCC
From usa New York]">
      <![CDATA[java.lang.AssertionError: did not expect [I'm MACC JCC
From usa New York] but found [I'm MACC JCC
From usa New York]
at org.tyss.sales_inventory.Generic.WebDriverUtility.toperformVerificationByAssertNotEquals(WebDriverUtility.java:282)
at org.altairretro.practice.TC444.main(TC444.java:136)
at java.base/java.util.concurrent.ThreadPoolExecutor.runWorker(ThreadPoolExecutor.java:1136)
at java.base/java.util.concurrent.ThreadPoolExecutor$Worker.run(ThreadPoolExecutor.java:635)
at java.base/java.lang.Thread.run(Thread.java:833)
... Removed 17 stack frames]]>
    </failure>
  </testcase> <!-- main -->
</testsuite> <!-- Test4 -->
