<?xml version="1.0" encoding="UTF-8"?>
<!-- Generated by org.testng.reporters.JUnitXMLReporter -->
<testsuite hostname="DESKTOP-VUHVFPU" ignored="1" name="Command line test" tests="15" failures="1" timestamp="2022-09-21T16:54:30 IST" time="21.251" errors="0">
  <testcase name="@BeforeClass setupApp" time="6.71" classname="org.tyss.sales_inventory.Generic.BaseClass">
    <failure type="org.openqa.selenium.WebDriverException" message="unknown error: net::ERR_NAME_NOT_RESOLVED
  (Session info: chrome=105.0.5195.127)
Build info: version: &amp;apos;4.4.0&amp;apos;, revision: &amp;apos;e5c75ed026a&amp;apos;
System info: host: &amp;apos;DESKTOP-VUHVFPU&amp;apos;, ip: &amp;apos;192.168.207.132&amp;apos;, os.name: &amp;apos;Windows 10&amp;apos;, os.arch: &amp;apos;amd64&amp;apos;, os.version: &amp;apos;10.0&amp;apos;, java.version: &amp;apos;1.8.0_291&amp;apos;
Driver info: org.openqa.selenium.chrome.ChromeDriver
Command: [003b9098f3eab42d4a22b7a79ee6ed8d, get {url=http://rmgtestingserver/domain/Sales_And_Inventory_System/pages/login.php}]
Capabilities {acceptInsecureCerts: false, browserName: chrome, browserVersion: 105.0.5195.127, chrome: {chromedriverVersion: 105.0.5195.52 (412c95e51883..., userDataDir: C:\Users\PREMKU~1\AppData\L...}, goog:chromeOptions: {debuggerAddress: localhost:58361}, networkConnectionEnabled: false, pageLoadStrategy: normal, platformName: WINDOWS, proxy: Proxy(), se:cdp: ws://localhost:58361/devtoo..., se:cdpVersion: 105.0.5195.127, setWindowRect: true, strictFileInteractability: false, timeouts: {implicit: 0, pageLoad: 300000, script: 30000}, unhandledPromptBehavior: dismiss and notify, webauthn:extension:credBlob: true, webauthn:extension:largeBlob: true, webauthn:virtualAuthenticators: true}
Session ID: 003b9098f3eab42d4a22b7a79ee6ed8d">
      <![CDATA[org.openqa.selenium.WebDriverException: unknown error: net::ERR_NAME_NOT_RESOLVED
  (Session info: chrome=105.0.5195.127)
Build info: version: '4.4.0', revision: 'e5c75ed026a'
System info: host: 'DESKTOP-VUHVFPU', ip: '192.168.207.132', os.name: 'Windows 10', os.arch: 'amd64', os.version: '10.0', java.version: '1.8.0_291'
Driver info: org.openqa.selenium.chrome.ChromeDriver
Command: [003b9098f3eab42d4a22b7a79ee6ed8d, get {url=http://rmgtestingserver/domain/Sales_And_Inventory_System/pages/login.php}]
Capabilities {acceptInsecureCerts: false, browserName: chrome, browserVersion: 105.0.5195.127, chrome: {chromedriverVersion: 105.0.5195.52 (412c95e51883..., userDataDir: C:\Users\PREMKU~1\AppData\L...}, goog:chromeOptions: {debuggerAddress: localhost:58361}, networkConnectionEnabled: false, pageLoadStrategy: normal, platformName: WINDOWS, proxy: Proxy(), se:cdp: ws://localhost:58361/devtoo..., se:cdpVersion: 105.0.5195.127, setWindowRect: true, strictFileInteractability: false, timeouts: {implicit: 0, pageLoad: 300000, script: 30000}, unhandledPromptBehavior: dismiss and notify, webauthn:extension:credBlob: true, webauthn:extension:largeBlob: true, webauthn:virtualAuthenticators: true}
Session ID: 003b9098f3eab42d4a22b7a79ee6ed8d
at org.openqa.selenium.remote.codec.w3c.W3CHttpResponseCodec.createException(W3CHttpResponseCodec.java:200)
at org.openqa.selenium.remote.codec.w3c.W3CHttpResponseCodec.decode(W3CHttpResponseCodec.java:133)
at org.openqa.selenium.remote.codec.w3c.W3CHttpResponseCodec.decode(W3CHttpResponseCodec.java:53)
at org.openqa.selenium.remote.HttpCommandExecutor.execute(HttpCommandExecutor.java:184)
at org.openqa.selenium.remote.service.DriverCommandExecutor.invokeExecute(DriverCommandExecutor.java:167)
at org.openqa.selenium.remote.service.DriverCommandExecutor.execute(DriverCommandExecutor.java:142)
at org.openqa.selenium.remote.RemoteWebDriver.execute(RemoteWebDriver.java:547)
at org.openqa.selenium.remote.RemoteWebDriver.get(RemoteWebDriver.java:310)
at org.tyss.sales_inventory.Generic.WebDriverUtility.navigateToApplication(WebDriverUtility.java:80)
at org.tyss.sales_inventory.Generic.WebDriverUtility.openBrowserWithApplication(WebDriverUtility.java:103)
at org.tyss.sales_inventory.Generic.BaseClass.setupApp(BaseClass.java:54)
at java.util.ArrayList.forEach(ArrayList.java:1259)
... Removed 39 stack frames]]>
    </failure>
  </testcase> <!-- @BeforeClass setupApp -->
  <testcase name="@AfterMethod logoutSuccess" time="-1.663759456231E9" classname="org.tyss.sales_inventory.Generic.BaseClass">
    <skipped/>
  </testcase> <!-- @AfterMethod logoutSuccess -->
  <testcase name="@AfterClass closeEntire" time="-1.663759456232E9" classname="org.tyss.sales_inventory.Generic.BaseClass">
    <skipped/>
  </testcase> <!-- @AfterClass closeEntire -->
  <testcase name="@BeforeClass setupApp" time="3.249" classname="org.tyss.sales_inventory.Generic.BaseClass">
    <failure type="org.openqa.selenium.WebDriverException" message="unknown error: cannot determine loading status
from disconnected: received Inspector.detached event
  (Session info: chrome=105.0.5195.127)
Build info: version: &amp;apos;4.4.0&amp;apos;, revision: &amp;apos;e5c75ed026a&amp;apos;
System info: host: &amp;apos;DESKTOP-VUHVFPU&amp;apos;, ip: &amp;apos;192.168.207.132&amp;apos;, os.name: &amp;apos;Windows 10&amp;apos;, os.arch: &amp;apos;amd64&amp;apos;, os.version: &amp;apos;10.0&amp;apos;, java.version: &amp;apos;1.8.0_291&amp;apos;
Driver info: org.openqa.selenium.chrome.ChromeDriver
Command: [5dce3da6412d9125b907078bbd008b69, get {url=http://rmgtestingserver/domain/Sales_And_Inventory_System/pages/login.php}]
Capabilities {acceptInsecureCerts: false, browserName: chrome, browserVersion: 105.0.5195.127, chrome: {chromedriverVersion: 105.0.5195.52 (412c95e51883..., userDataDir: C:\Users\PREMKU~1\AppData\L...}, goog:chromeOptions: {debuggerAddress: localhost:58377}, networkConnectionEnabled: false, pageLoadStrategy: normal, platformName: WINDOWS, proxy: Proxy(), se:cdp: ws://localhost:58377/devtoo..., se:cdpVersion: 105.0.5195.127, setWindowRect: true, strictFileInteractability: false, timeouts: {implicit: 0, pageLoad: 300000, script: 30000}, unhandledPromptBehavior: dismiss and notify, webauthn:extension:credBlob: true, webauthn:extension:largeBlob: true, webauthn:virtualAuthenticators: true}
Session ID: 5dce3da6412d9125b907078bbd008b69">
      <![CDATA[org.openqa.selenium.WebDriverException: unknown error: cannot determine loading status
from disconnected: received Inspector.detached event
  (Session info: chrome=105.0.5195.127)
Build info: version: '4.4.0', revision: 'e5c75ed026a'
System info: host: 'DESKTOP-VUHVFPU', ip: '192.168.207.132', os.name: 'Windows 10', os.arch: 'amd64', os.version: '10.0', java.version: '1.8.0_291'
Driver info: org.openqa.selenium.chrome.ChromeDriver
Command: [5dce3da6412d9125b907078bbd008b69, get {url=http://rmgtestingserver/domain/Sales_And_Inventory_System/pages/login.php}]
Capabilities {acceptInsecureCerts: false, browserName: chrome, browserVersion: 105.0.5195.127, chrome: {chromedriverVersion: 105.0.5195.52 (412c95e51883..., userDataDir: C:\Users\PREMKU~1\AppData\L...}, goog:chromeOptions: {debuggerAddress: localhost:58377}, networkConnectionEnabled: false, pageLoadStrategy: normal, platformName: WINDOWS, proxy: Proxy(), se:cdp: ws://localhost:58377/devtoo..., se:cdpVersion: 105.0.5195.127, setWindowRect: true, strictFileInteractability: false, timeouts: {implicit: 0, pageLoad: 300000, script: 30000}, unhandledPromptBehavior: dismiss and notify, webauthn:extension:credBlob: true, webauthn:extension:largeBlob: true, webauthn:virtualAuthenticators: true}
Session ID: 5dce3da6412d9125b907078bbd008b69
at org.openqa.selenium.remote.codec.w3c.W3CHttpResponseCodec.createException(W3CHttpResponseCodec.java:200)
at org.openqa.selenium.remote.codec.w3c.W3CHttpResponseCodec.decode(W3CHttpResponseCodec.java:133)
at org.openqa.selenium.remote.codec.w3c.W3CHttpResponseCodec.decode(W3CHttpResponseCodec.java:53)
at org.openqa.selenium.remote.HttpCommandExecutor.execute(HttpCommandExecutor.java:184)
at org.openqa.selenium.remote.service.DriverCommandExecutor.invokeExecute(DriverCommandExecutor.java:167)
at org.openqa.selenium.remote.service.DriverCommandExecutor.execute(DriverCommandExecutor.java:142)
at org.openqa.selenium.remote.RemoteWebDriver.execute(RemoteWebDriver.java:547)
at org.openqa.selenium.remote.RemoteWebDriver.get(RemoteWebDriver.java:310)
at org.tyss.sales_inventory.Generic.WebDriverUtility.navigateToApplication(WebDriverUtility.java:80)
at org.tyss.sales_inventory.Generic.WebDriverUtility.openBrowserWithApplication(WebDriverUtility.java:103)
at org.tyss.sales_inventory.Generic.BaseClass.setupApp(BaseClass.java:54)
at java.util.ArrayList.forEach(ArrayList.java:1259)
... Removed 39 stack frames]]>
    </failure>
  </testcase> <!-- @BeforeClass setupApp -->
  <testcase name="@AfterMethod logoutSuccess" time="-1.663759459492E9" classname="org.tyss.sales_inventory.Generic.BaseClass">
    <skipped/>
  </testcase> <!-- @AfterMethod logoutSuccess -->
  <testcase name="@AfterClass closeEntire" time="-1.663759459492E9" classname="org.tyss.sales_inventory.Generic.BaseClass">
    <skipped/>
  </testcase> <!-- @AfterClass closeEntire -->
  <testcase name="@BeforeClass setupApp" time="3.723" classname="org.tyss.sales_inventory.Generic.BaseClass">
    <failure type="org.openqa.selenium.WebDriverException" message="unknown error: cannot determine loading status
from disconnected: received Inspector.detached event
  (Session info: chrome=105.0.5195.127)
Build info: version: &amp;apos;4.4.0&amp;apos;, revision: &amp;apos;e5c75ed026a&amp;apos;
System info: host: &amp;apos;DESKTOP-VUHVFPU&amp;apos;, ip: &amp;apos;192.168.207.132&amp;apos;, os.name: &amp;apos;Windows 10&amp;apos;, os.arch: &amp;apos;amd64&amp;apos;, os.version: &amp;apos;10.0&amp;apos;, java.version: &amp;apos;1.8.0_291&amp;apos;
Driver info: org.openqa.selenium.chrome.ChromeDriver
Command: [c683e5a3fce27453359f09300b237923, get {url=http://rmgtestingserver/domain/Sales_And_Inventory_System/pages/login.php}]
Capabilities {acceptInsecureCerts: false, browserName: chrome, browserVersion: 105.0.5195.127, chrome: {chromedriverVersion: 105.0.5195.52 (412c95e51883..., userDataDir: C:\Users\PREMKU~1\AppData\L...}, goog:chromeOptions: {debuggerAddress: localhost:58393}, networkConnectionEnabled: false, pageLoadStrategy: normal, platformName: WINDOWS, proxy: Proxy(), se:cdp: ws://localhost:58393/devtoo..., se:cdpVersion: 105.0.5195.127, setWindowRect: true, strictFileInteractability: false, timeouts: {implicit: 0, pageLoad: 300000, script: 30000}, unhandledPromptBehavior: dismiss and notify, webauthn:extension:credBlob: true, webauthn:extension:largeBlob: true, webauthn:virtualAuthenticators: true}
Session ID: c683e5a3fce27453359f09300b237923">
      <![CDATA[org.openqa.selenium.WebDriverException: unknown error: cannot determine loading status
from disconnected: received Inspector.detached event
  (Session info: chrome=105.0.5195.127)
Build info: version: '4.4.0', revision: 'e5c75ed026a'
System info: host: 'DESKTOP-VUHVFPU', ip: '192.168.207.132', os.name: 'Windows 10', os.arch: 'amd64', os.version: '10.0', java.version: '1.8.0_291'
Driver info: org.openqa.selenium.chrome.ChromeDriver
Command: [c683e5a3fce27453359f09300b237923, get {url=http://rmgtestingserver/domain/Sales_And_Inventory_System/pages/login.php}]
Capabilities {acceptInsecureCerts: false, browserName: chrome, browserVersion: 105.0.5195.127, chrome: {chromedriverVersion: 105.0.5195.52 (412c95e51883..., userDataDir: C:\Users\PREMKU~1\AppData\L...}, goog:chromeOptions: {debuggerAddress: localhost:58393}, networkConnectionEnabled: false, pageLoadStrategy: normal, platformName: WINDOWS, proxy: Proxy(), se:cdp: ws://localhost:58393/devtoo..., se:cdpVersion: 105.0.5195.127, setWindowRect: true, strictFileInteractability: false, timeouts: {implicit: 0, pageLoad: 300000, script: 30000}, unhandledPromptBehavior: dismiss and notify, webauthn:extension:credBlob: true, webauthn:extension:largeBlob: true, webauthn:virtualAuthenticators: true}
Session ID: c683e5a3fce27453359f09300b237923
at org.openqa.selenium.remote.codec.w3c.W3CHttpResponseCodec.createException(W3CHttpResponseCodec.java:200)
at org.openqa.selenium.remote.codec.w3c.W3CHttpResponseCodec.decode(W3CHttpResponseCodec.java:133)
at org.openqa.selenium.remote.codec.w3c.W3CHttpResponseCodec.decode(W3CHttpResponseCodec.java:53)
at org.openqa.selenium.remote.HttpCommandExecutor.execute(HttpCommandExecutor.java:184)
at org.openqa.selenium.remote.service.DriverCommandExecutor.invokeExecute(DriverCommandExecutor.java:167)
at org.openqa.selenium.remote.service.DriverCommandExecutor.execute(DriverCommandExecutor.java:142)
at org.openqa.selenium.remote.RemoteWebDriver.execute(RemoteWebDriver.java:547)
at org.openqa.selenium.remote.RemoteWebDriver.get(RemoteWebDriver.java:310)
at org.tyss.sales_inventory.Generic.WebDriverUtility.navigateToApplication(WebDriverUtility.java:80)
at org.tyss.sales_inventory.Generic.WebDriverUtility.openBrowserWithApplication(WebDriverUtility.java:103)
at org.tyss.sales_inventory.Generic.BaseClass.setupApp(BaseClass.java:54)
at java.util.ArrayList.forEach(ArrayList.java:1259)
... Removed 39 stack frames]]>
    </failure>
  </testcase> <!-- @BeforeClass setupApp -->
  <testcase name="@AfterMethod logoutSuccess" time="-1.663759463225E9" classname="org.tyss.sales_inventory.Generic.BaseClass">
    <skipped/>
  </testcase> <!-- @AfterMethod logoutSuccess -->
  <testcase name="@AfterClass closeEntire" time="-1.663759463229E9" classname="org.tyss.sales_inventory.Generic.BaseClass">
    <skipped/>
  </testcase> <!-- @AfterClass closeEntire -->
  <testcase name="@BeforeClass setupApp" time="3.462" classname="org.tyss.sales_inventory.Generic.BaseClass">
    <failure type="org.openqa.selenium.WebDriverException" message="unknown error: cannot determine loading status
from disconnected: received Inspector.detached event
  (Session info: chrome=105.0.5195.127)
Build info: version: &amp;apos;4.4.0&amp;apos;, revision: &amp;apos;e5c75ed026a&amp;apos;
System info: host: &amp;apos;DESKTOP-VUHVFPU&amp;apos;, ip: &amp;apos;192.168.207.132&amp;apos;, os.name: &amp;apos;Windows 10&amp;apos;, os.arch: &amp;apos;amd64&amp;apos;, os.version: &amp;apos;10.0&amp;apos;, java.version: &amp;apos;1.8.0_291&amp;apos;
Driver info: org.openqa.selenium.chrome.ChromeDriver
Command: [471e8b9f9ee32612d9e1cd3c03d9c1a4, get {url=http://rmgtestingserver/domain/Sales_And_Inventory_System/pages/login.php}]
Capabilities {acceptInsecureCerts: false, browserName: chrome, browserVersion: 105.0.5195.127, chrome: {chromedriverVersion: 105.0.5195.52 (412c95e51883..., userDataDir: C:\Users\PREMKU~1\AppData\L...}, goog:chromeOptions: {debuggerAddress: localhost:58408}, networkConnectionEnabled: false, pageLoadStrategy: normal, platformName: WINDOWS, proxy: Proxy(), se:cdp: ws://localhost:58408/devtoo..., se:cdpVersion: 105.0.5195.127, setWindowRect: true, strictFileInteractability: false, timeouts: {implicit: 0, pageLoad: 300000, script: 30000}, unhandledPromptBehavior: dismiss and notify, webauthn:extension:credBlob: true, webauthn:extension:largeBlob: true, webauthn:virtualAuthenticators: true}
Session ID: 471e8b9f9ee32612d9e1cd3c03d9c1a4">
      <![CDATA[org.openqa.selenium.WebDriverException: unknown error: cannot determine loading status
from disconnected: received Inspector.detached event
  (Session info: chrome=105.0.5195.127)
Build info: version: '4.4.0', revision: 'e5c75ed026a'
System info: host: 'DESKTOP-VUHVFPU', ip: '192.168.207.132', os.name: 'Windows 10', os.arch: 'amd64', os.version: '10.0', java.version: '1.8.0_291'
Driver info: org.openqa.selenium.chrome.ChromeDriver
Command: [471e8b9f9ee32612d9e1cd3c03d9c1a4, get {url=http://rmgtestingserver/domain/Sales_And_Inventory_System/pages/login.php}]
Capabilities {acceptInsecureCerts: false, browserName: chrome, browserVersion: 105.0.5195.127, chrome: {chromedriverVersion: 105.0.5195.52 (412c95e51883..., userDataDir: C:\Users\PREMKU~1\AppData\L...}, goog:chromeOptions: {debuggerAddress: localhost:58408}, networkConnectionEnabled: false, pageLoadStrategy: normal, platformName: WINDOWS, proxy: Proxy(), se:cdp: ws://localhost:58408/devtoo..., se:cdpVersion: 105.0.5195.127, setWindowRect: true, strictFileInteractability: false, timeouts: {implicit: 0, pageLoad: 300000, script: 30000}, unhandledPromptBehavior: dismiss and notify, webauthn:extension:credBlob: true, webauthn:extension:largeBlob: true, webauthn:virtualAuthenticators: true}
Session ID: 471e8b9f9ee32612d9e1cd3c03d9c1a4
at org.openqa.selenium.remote.codec.w3c.W3CHttpResponseCodec.createException(W3CHttpResponseCodec.java:200)
at org.openqa.selenium.remote.codec.w3c.W3CHttpResponseCodec.decode(W3CHttpResponseCodec.java:133)
at org.openqa.selenium.remote.codec.w3c.W3CHttpResponseCodec.decode(W3CHttpResponseCodec.java:53)
at org.openqa.selenium.remote.HttpCommandExecutor.execute(HttpCommandExecutor.java:184)
at org.openqa.selenium.remote.service.DriverCommandExecutor.invokeExecute(DriverCommandExecutor.java:167)
at org.openqa.selenium.remote.service.DriverCommandExecutor.execute(DriverCommandExecutor.java:142)
at org.openqa.selenium.remote.RemoteWebDriver.execute(RemoteWebDriver.java:547)
at org.openqa.selenium.remote.RemoteWebDriver.get(RemoteWebDriver.java:310)
at org.tyss.sales_inventory.Generic.WebDriverUtility.navigateToApplication(WebDriverUtility.java:80)
at org.tyss.sales_inventory.Generic.WebDriverUtility.openBrowserWithApplication(WebDriverUtility.java:103)
at org.tyss.sales_inventory.Generic.BaseClass.setupApp(BaseClass.java:54)
at java.util.ArrayList.forEach(ArrayList.java:1259)
... Removed 39 stack frames]]>
    </failure>
  </testcase> <!-- @BeforeClass setupApp -->
  <testcase name="@AfterMethod logoutSuccess" time="-1.663759466703E9" classname="org.tyss.sales_inventory.Generic.BaseClass">
    <skipped/>
  </testcase> <!-- @AfterMethod logoutSuccess -->
  <testcase name="@AfterClass closeEntire" time="-1.663759466703E9" classname="org.tyss.sales_inventory.Generic.BaseClass">
    <skipped/>
  </testcase> <!-- @AfterClass closeEntire -->
  <testcase name="@BeforeClass setupApp" time="3.374" classname="org.tyss.sales_inventory.Generic.BaseClass">
    <failure type="org.openqa.selenium.WebDriverException" message="unknown error: cannot determine loading status
from disconnected: received Inspector.detached event
  (Session info: chrome=105.0.5195.127)
Build info: version: &amp;apos;4.4.0&amp;apos;, revision: &amp;apos;e5c75ed026a&amp;apos;
System info: host: &amp;apos;DESKTOP-VUHVFPU&amp;apos;, ip: &amp;apos;192.168.207.132&amp;apos;, os.name: &amp;apos;Windows 10&amp;apos;, os.arch: &amp;apos;amd64&amp;apos;, os.version: &amp;apos;10.0&amp;apos;, java.version: &amp;apos;1.8.0_291&amp;apos;
Driver info: org.openqa.selenium.chrome.ChromeDriver
Command: [70f185a7e6c8b4575e3694131db46727, get {url=http://rmgtestingserver/domain/Sales_And_Inventory_System/pages/login.php}]
Capabilities {acceptInsecureCerts: false, browserName: chrome, browserVersion: 105.0.5195.127, chrome: {chromedriverVersion: 105.0.5195.52 (412c95e51883..., userDataDir: C:\Users\PREMKU~1\AppData\L...}, goog:chromeOptions: {debuggerAddress: localhost:58424}, networkConnectionEnabled: false, pageLoadStrategy: normal, platformName: WINDOWS, proxy: Proxy(), se:cdp: ws://localhost:58424/devtoo..., se:cdpVersion: 105.0.5195.127, setWindowRect: true, strictFileInteractability: false, timeouts: {implicit: 0, pageLoad: 300000, script: 30000}, unhandledPromptBehavior: dismiss and notify, webauthn:extension:credBlob: true, webauthn:extension:largeBlob: true, webauthn:virtualAuthenticators: true}
Session ID: 70f185a7e6c8b4575e3694131db46727">
      <![CDATA[org.openqa.selenium.WebDriverException: unknown error: cannot determine loading status
from disconnected: received Inspector.detached event
  (Session info: chrome=105.0.5195.127)
Build info: version: '4.4.0', revision: 'e5c75ed026a'
System info: host: 'DESKTOP-VUHVFPU', ip: '192.168.207.132', os.name: 'Windows 10', os.arch: 'amd64', os.version: '10.0', java.version: '1.8.0_291'
Driver info: org.openqa.selenium.chrome.ChromeDriver
Command: [70f185a7e6c8b4575e3694131db46727, get {url=http://rmgtestingserver/domain/Sales_And_Inventory_System/pages/login.php}]
Capabilities {acceptInsecureCerts: false, browserName: chrome, browserVersion: 105.0.5195.127, chrome: {chromedriverVersion: 105.0.5195.52 (412c95e51883..., userDataDir: C:\Users\PREMKU~1\AppData\L...}, goog:chromeOptions: {debuggerAddress: localhost:58424}, networkConnectionEnabled: false, pageLoadStrategy: normal, platformName: WINDOWS, proxy: Proxy(), se:cdp: ws://localhost:58424/devtoo..., se:cdpVersion: 105.0.5195.127, setWindowRect: true, strictFileInteractability: false, timeouts: {implicit: 0, pageLoad: 300000, script: 30000}, unhandledPromptBehavior: dismiss and notify, webauthn:extension:credBlob: true, webauthn:extension:largeBlob: true, webauthn:virtualAuthenticators: true}
Session ID: 70f185a7e6c8b4575e3694131db46727
at org.openqa.selenium.remote.codec.w3c.W3CHttpResponseCodec.createException(W3CHttpResponseCodec.java:200)
at org.openqa.selenium.remote.codec.w3c.W3CHttpResponseCodec.decode(W3CHttpResponseCodec.java:133)
at org.openqa.selenium.remote.codec.w3c.W3CHttpResponseCodec.decode(W3CHttpResponseCodec.java:53)
at org.openqa.selenium.remote.HttpCommandExecutor.execute(HttpCommandExecutor.java:184)
at org.openqa.selenium.remote.service.DriverCommandExecutor.invokeExecute(DriverCommandExecutor.java:167)
at org.openqa.selenium.remote.service.DriverCommandExecutor.execute(DriverCommandExecutor.java:142)
at org.openqa.selenium.remote.RemoteWebDriver.execute(RemoteWebDriver.java:547)
at org.openqa.selenium.remote.RemoteWebDriver.get(RemoteWebDriver.java:310)
at org.tyss.sales_inventory.Generic.WebDriverUtility.navigateToApplication(WebDriverUtility.java:80)
at org.tyss.sales_inventory.Generic.WebDriverUtility.openBrowserWithApplication(WebDriverUtility.java:103)
at org.tyss.sales_inventory.Generic.BaseClass.setupApp(BaseClass.java:54)
at java.util.ArrayList.forEach(ArrayList.java:1259)
... Removed 39 stack frames]]>
    </failure>
  </testcase> <!-- @BeforeClass setupApp -->
  <testcase name="@AfterMethod logoutSuccess" time="-1.663759470085E9" classname="org.tyss.sales_inventory.Generic.BaseClass">
    <skipped/>
  </testcase> <!-- @AfterMethod logoutSuccess -->
  <testcase name="@AfterClass closeEntire" time="-1.663759470094E9" classname="org.tyss.sales_inventory.Generic.BaseClass">
    <skipped/>
  </testcase> <!-- @AfterClass closeEntire -->
  <testcase name="step1Test" time="0.003" classname="org.altairretro.practice.CmdDataSendTest">
    <failure type="java.lang.NullPointerException">
      <![CDATA[java.lang.NullPointerException
at org.tyss.sales_inventory.Generic.WebDriverUtility.openBrowser(WebDriverUtility.java:42)
at org.tyss.sales_inventory.Generic.WebDriverUtility.openBrowserWithApplication(WebDriverUtility.java:100)
at org.altairretro.practice.CmdDataSendTest.step1Test(CmdDataSendTest.java:15)
at java.util.ArrayList.forEach(ArrayList.java:1259)
... Removed 37 stack frames]]>
    </failure>
  </testcase> <!-- step1Test -->
  <testcase name="main1test" time="0.0" classname="org.altairretro.practice.TestngBasicTest"/>
  <testcase name="main1test" time="0.001" classname="org.altairretro.practice.TestngBasicTest"/>
  <testcase name="main1test" time="0.0" classname="org.altairretro.practice.TestngBasicTest"/>
  <testcase name="main1test" time="0.0" classname="org.altairretro.practice.TestngBasicTest"/>
  <testcase name="main1test" time="0.001" classname="org.altairretro.practice.TestngBasicTest"/>
  <testcase name="main1test" time="0.001" classname="org.altairretro.practice.TestngBasicTest"/>
  <testcase name="main1test" time="0.0" classname="org.altairretro.practice.TestngBasicTest"/>
  <testcase name="main2test" time="0.0" classname="org.altairretro.practice.TestngPracticetest"/>
  <testcase name="main8test" time="0.0" classname="org.altairretro.practice.TestngPracticetest"/>
  <testcase name="main" time="0.0" classname="org.altairretro.TestNG.AdminInfoupdateTest">
    <skipped/>
  </testcase> <!-- main -->
  <testcase name="main" time="0.0" classname="org.altairretro.TestNG.CashInfoUpdateTest">
    <skipped/>
  </testcase> <!-- main -->
  <testcase name="main" time="0.0" classname="org.altairretro.TestNG.CashPostTest">
    <skipped/>
  </testcase> <!-- main -->
  <testcase name="main" time="0.0" classname="org.altairretro.TestNG.ProductCreateTest">
    <skipped/>
  </testcase> <!-- main -->
  <testcase name="main" time="0.0" classname="org.altairretro.TestNG.T5Test">
    <skipped/>
  </testcase> <!-- main -->
  <testcase name="main2test" time="0.0" classname="org.altairretro.practice.TestngBasicTest">
    <ignored/>
  </testcase> <!-- main2test -->
</testsuite> <!-- Command line test -->
