<?xml version="1.0" encoding="UTF-8"?>
<testng-results skipped="0" failed="0" ignored="0" total="1" passed="1">
  <reporter-output>
  </reporter-output>
  <suite name="Suite" duration-ms="5471" started-at="2022-09-20T16:02:52 IST" finished-at="2022-09-20T16:02:58 IST">
    <groups>
    </groups>
    <test name="Test" duration-ms="5471" started-at="2022-09-20T16:02:52 IST" finished-at="2022-09-20T16:02:58 IST">
      <class name="org.altairretro.practice.CmdDataSendTest">
        <test-method status="PASS" signature="step1Test()[pri:0, instance:org.altairretro.practice.CmdDataSendTest@4b1c1ea0]" name="step1Test" duration-ms="5431" started-at="2022-09-20T16:02:52 IST" finished-at="2022-09-20T16:02:58 IST">
          <reporter-output>
          </reporter-output>
        </test-method> <!-- step1Test -->
      </class> <!-- org.altairretro.practice.CmdDataSendTest -->
    </test> <!-- Test -->
  </suite> <!-- Suite -->
</testng-results>
