<?xml version="1.0" encoding="UTF-8"?>
<testng-results ignored="0" total="1" passed="1" failed="0" skipped="0">
  <reporter-output>
  </reporter-output>
  <suite started-at="2022-11-22T14:59:43 IST" name="Default suite" finished-at="2022-11-22T14:59:56 IST" duration-ms="12920">
    <groups>
    </groups>
    <test started-at="2022-11-22T14:59:43 IST" name="Default test" finished-at="2022-11-22T14:59:56 IST" duration-ms="12920">
      <class name="org.altairretro.practice.Seleniumgrid">
        <test-method signature="test1()[pri:0, instance:org.altairretro.practice.Seleniumgrid@52af26ee]" started-at="2022-11-22T14:59:43 IST" name="test1" finished-at="2022-11-22T14:59:56 IST" duration-ms="12856" status="PASS">
          <reporter-output>
          </reporter-output>
        </test-method> <!-- test1 -->
      </class> <!-- org.altairretro.practice.Seleniumgrid -->
    </test> <!-- Default test -->
  </suite> <!-- Default suite -->
</testng-results>
